This is METAFONT, Version 2.71828182 (INIMF)  21 DEC 2021 14:24
(/home/a/big/ycq/projects/artic-like/texlive/2021/texmf-dist/web2c/cp227.tcx)
**mf.ini

(/home/a/big/ycq/projects/artic-like/texlive/2021/texmf-dist/metafont/config/mf
.ini
(/home/a/big/ycq/projects/artic-like/texlive/2021/texmf-dist/metafont/base/plai
n.mf
Preloading the plain base, version 2.71: preliminaries,
 basic constants and mathematical macros,
 macros for converting from device-independent units to pixels,
 macros and tables for various modes of operation,
 macros for drawing and filling,
 macros for proof labels and rules,
 macros for character and font administration,
and a few last-minute items.)
(/home/a/big/ycq/projects/artic-like/texlive/2021/texmf-dist/fonts/source/publi
c/modes/modes.mf) )
Beginning to dump on file mf.base
 (preloaded base=mf 2021.12.21)
2237 strings of total length 30392
11955 memory locations dumped; current usage is 3679&7916
1011 symbolic tokens
