[Tue Dec 21 14:39:02 2021] running mktexlsr
[Tue Dec 21 14:39:02 2021] success, output:
mktexlsr: Updating /home/a/big/ycq/projects/artic-like/texlive/2021/texmf-config/ls-R... 
mktexlsr: Updating /home/a/big/ycq/projects/artic-like/texlive/2021/texmf-dist/ls-R... 
mktexlsr: Updating /home/a/big/ycq/projects/artic-like/texlive/2021/texmf-var/ls-R... 
mktexlsr: Updating /home/a/big/ycq/projects/artic-like/texlive/texmf-local/ls-R... 
mktexlsr: Done.
--end of output of mktexlsr.

[Tue Dec 21 14:39:02 2021] running updmap-sys
[Tue Dec 21 14:39:02 2021] success, output:
updmap will read the following updmap.cfg files (in precedence order):
  /home/a/big/ycq/projects/artic-like/texlive/2021/texmf-dist/web2c/updmap.cfg
updmap may write changes to the following updmap.cfg file:
  /home/a/big/ycq/projects/artic-like/texlive/2021/texmf-config/web2c/updmap.cfg
dvips output dir: "/home/a/big/ycq/projects/artic-like/texlive/2021/texmf-var/fonts/map/dvips/updmap"
pdftex output dir: "/home/a/big/ycq/projects/artic-like/texlive/2021/texmf-var/fonts/map/pdftex/updmap"
dvipdfmx output dir: "/home/a/big/ycq/projects/artic-like/texlive/2021/texmf-var/fonts/map/dvipdfmx/updmap"
updmap [WARNING]: generated map uptex-ko-baekmuk.map (from uptex-ko-@koEmbed@.map) does not exist, not activating it!
updmap [WARNING]: generated map uptex-haranoaji-04.map (from uptex-@jaEmbed@@jaVariant@.map) does not exist, not activating it!
updmap [WARNING]: generated map uptex-tc-arphic.map (from uptex-tc-@tcEmbed@.map) does not exist, not activating it!
updmap [WARNING]: generated map uptex-sc-arphic.map (from uptex-sc-@scEmbed@.map) does not exist, not activating it!
updmap [WARNING]: generated map ptex-haranoaji-04.map (from ptex-@jaEmbed@@jaVariant@.map) does not exist, not activating it!

updmap is creating new map files
using the following configuration:
  LW35 font names                  : URWkb (/home/a/big/ycq/projects/artic-like/texlive/2021/texmf-dist/web2c/updmap.cfg)
  prefer outlines                  : true (/home/a/big/ycq/projects/artic-like/texlive/2021/texmf-dist/web2c/updmap.cfg)
  texhash enabled                  : true
  download standard fonts (dvips)  : true (/home/a/big/ycq/projects/artic-like/texlive/2021/texmf-dist/web2c/updmap.cfg)
  download standard fonts (pdftex) : true (/home/a/big/ycq/projects/artic-like/texlive/2021/texmf-dist/web2c/updmap.cfg)
  jaEmbed replacement string       : haranoaji (/home/a/big/ycq/projects/artic-like/texlive/2021/texmf-dist/web2c/updmap.cfg)
  jaVariant replacement string     : -04 (/home/a/big/ycq/projects/artic-like/texlive/2021/texmf-dist/web2c/updmap.cfg)
  scEmbed replacement string       : arphic (/home/a/big/ycq/projects/artic-like/texlive/2021/texmf-dist/web2c/updmap.cfg)
  tcEmbed replacement string       : arphic (/home/a/big/ycq/projects/artic-like/texlive/2021/texmf-dist/web2c/updmap.cfg)
  koEmbed replacement string       : baekmuk (/home/a/big/ycq/projects/artic-like/texlive/2021/texmf-dist/web2c/updmap.cfg)
  create a mapfile for pxdvi       : false (default)

Scanning for LW35 support files  [  3 files]
Scanning for MixedMap entries    [  7 files]
Scanning for KanjiMap entries    [  0 files]
Scanning for Map entries         [ 28 files]

Generating output for dvipdfmx...
Generating output for ps2pk...
Generating output for dvips...
Generating output for pdftex...

Files generated:
  /home/a/big/ycq/projects/artic-like/texlive/2021/texmf-var/fonts/map/dvips/updmap:
       15846 2021-12-21 14:39:02 builtin35.map
       21319 2021-12-21 14:39:02 download35.map
      107346 2021-12-21 14:39:02 psfonts_pk.map
      113512 2021-12-21 14:39:02 psfonts_t1.map
      113507 2021-12-21 14:39:02 ps2pk.map
          14 2021-12-21 14:39:02 psfonts.map -> psfonts_t1.map
  /home/a/big/ycq/projects/artic-like/texlive/2021/texmf-var/fonts/map/pdftex/updmap:
      113514 2021-12-21 14:39:02 pdftex_dl14.map
      111849 2021-12-21 14:39:02 pdftex_ndl14.map
          15 2021-12-21 14:39:02 pdftex.map -> pdftex_dl14.map
  /home/a/big/ycq/projects/artic-like/texlive/2021/texmf-var/fonts/map/dvipdfmx/updmap:
         369 2021-12-21 14:39:02 kanjix.map

Transcript written on "/home/a/big/ycq/projects/artic-like/texlive/2021/texmf-var/web2c/updmap.log".
updmap: Updating ls-R files.
--end of output of updmap-sys.

[Tue Dec 21 14:39:02 2021] running fmtutil-sys --byengine euptex --no-error-if-no-format --no-error-if-no-engine=luajithbtex,luajittex,mfluajit --status-file=/tmp/IkMMnrxPYI/t8v8Z0DCDs
[Tue Dec 21 14:39:03 2021] success, output:
fmtutil: fmtutil is using the following fmtutil.cnf files (in precedence order):
fmtutil:   /home/a/big/ycq/projects/artic-like/texlive/2021/texmf-dist/web2c/fmtutil.cnf
fmtutil: fmtutil is using the following fmtutil.cnf file for writing changes:
fmtutil:   /home/a/big/ycq/projects/artic-like/texlive/2021/texmf-config/web2c/fmtutil.cnf
fmtutil [INFO]: writing formats under /home/a/big/ycq/projects/artic-like/texlive/2021/texmf-var/web2c
fmtutil [INFO]: --- remaking euptex with euptex
fmtutil: running `euptex -ini   -jobname=euptex -progname=euptex *euptex.ini' ...
This is e-upTeX, Version 3.141592653-p3.9.0-u1.27-210218-2.6 (utf8.uptex) (TeX Live 2021) (INITEX)
 restricted \write18 enabled.
entering extended mode

(/home/a/big/ycq/projects/artic-like/texlive/2021/texmf-dist/tex/uptex/uptex-ba
se/euptex.ini
(/home/a/big/ycq/projects/artic-like/texlive/2021/texmf-dist/tex/uptex/uptex-ba
se/euptex.src
(/home/a/big/ycq/projects/artic-like/texlive/2021/texmf-dist/tex/uptex/uptex-ba
se/uptex.tex
(/home/a/big/ycq/projects/artic-like/texlive/2021/texmf-dist/tex/plain/base/pla
in.tex Preloading the plain format: codes, registers, parameters, fonts,
more fonts, macros, math definitions, output routines, hyphenation
(/home/a/big/ycq/projects/artic-like/texlive/2021/texmf-dist/tex/generic/hyphen
/hyphen.tex [skipping from \patterns to end-of-file...]))
(/home/a/big/ycq/projects/artic-like/texlive/2021/texmf-dist/tex/uptex/uptex-ba
se/ukinsoku.tex))
(/home/a/big/ycq/projects/artic-like/texlive/2021/texmf-dist/tex/ptex/ptex-base
/eptexdefs.lib Skipping module "grouptypes";
Loading module "interactionmodes"; Skipping module "nodetypes";
Skipping module "iftypes";)
(/home/a/big/ycq/projects/artic-like/texlive/2021/texmf-var/tex/generic/config/
language.def
(/home/a/big/ycq/projects/artic-like/texlive/2021/texmf-dist/tex/generic/hyphen
/hyphen.tex)) Augmenting the Plain TeX definitions: \tracingall;
Adding new e-TeX definitions: \eTeX, \epTeX, \eupTeX,  \loggingall,
\tracingnone, register allocation; extended register allocation; 
Recycling: \addlanguage, \@nswer (not defined), \@sk, \b@dresponsetrue,
\b@dresponsefalse, \ch@ckforyn, \mayber@cycle, \et@xabort, \et@xbuf,
\et@xfmtsrc, \et@xfilehdr, \et@xinf, \et@xpatterns, \l@ngdefnfile, \n@xt,
\p@rse (not defined), \pr@mpt (not defined), \pr@mptloop (not defined),
\forcer@cycle, \usef@llback, \usef@llbacktrue, \usef@llbackfalse, 
Retaining: \et@xerr, \et@xinput, \et@xlibhdr, \et@xmsg, \et@xtoks, \et@xwarn,
\et@xl@@d, \et@xl@ad, \et@xload, \et@xlang, \et@xhash, \eTeX, \epTeX, \eupTeX,
\etexhdrchk, \etexstatus, \module, \uselanguage, \r@tain, \r@cycle, ) )
Beginning to dump on file euptex.fmt
 (preloaded format=euptex 2021.12.21)
2513 strings of total length 37187
8019 memory locations dumped; current usage is 228&7320
1229 multiletter control sequences
\font\nullfont=nullfont
\font\tenrm=cmr10
\font\preloaded=cmr9
\font\preloaded=cmr8
\font\sevenrm=cmr7
\font\preloaded=cmr6
\font\fiverm=cmr5
\font\teni=cmmi10
\font\preloaded=cmmi9
\font\preloaded=cmmi8
\font\seveni=cmmi7
\font\preloaded=cmmi6
\font\fivei=cmmi5
\font\tensy=cmsy10
\font\preloaded=cmsy9
\font\preloaded=cmsy8
\font\sevensy=cmsy7
\font\preloaded=cmsy6
\font\fivesy=cmsy5
\font\tenex=cmex10
\font\preloaded=cmss10
\font\preloaded=cmssq8
\font\preloaded=cmssi10
\font\preloaded=cmssqi8
\font\tenbf=cmbx10
\font\preloaded=cmbx9
\font\preloaded=cmbx8
\font\sevenbf=cmbx7
\font\preloaded=cmbx6
\font\fivebf=cmbx5
\font\tentt=cmtt10
\font\preloaded=cmtt9
\font\preloaded=cmtt8
\font\preloaded=cmsltt10
\font\tensl=cmsl10
\font\preloaded=cmsl9
\font\preloaded=cmsl8
\font\tenit=cmti10
\font\preloaded=cmti9
\font\preloaded=cmti8
\font\preloaded=cmti7
\font\preloaded=cmu10
\font\preloaded=cmmib10
\font\preloaded=cmbsy10
\font\preloaded=cmcsc10
\font\preloaded=cmssbx10
\font\preloaded=cmdunh10
\font\preloaded=cmr7 at 14.51799pt
\font\preloaded=cmtt10 at 14.4pt
\font\preloaded=cmssbx10 at 14.4pt
\font\preloaded=manfnt
\font\tenmin=upjisr-h
\font\sevenmin=upjisr-h at 7.0pt
\font\fivemin=upjisr-h at 5.0pt
\font\tengt=upjisg-h
\font\sevengt=upjisg-h at 7.0pt
\font\fivegt=upjisg-h at 5.0pt
\font\tentmin=upjisr-v
\font\seventmin=upjisr-v at 7.0pt
\font\fivetmin=upjisr-v at 5.0pt
\font\tentgt=upjisg-v
\font\seventgt=upjisg-v at 7.0pt
\font\fivetgt=upjisg-v at 5.0pt
16509 words of font info for 62 preloaded fonts
14 hyphenation exceptions
Hyphenation trie of length 6075 has 181 ops out of 35111
  181 for language 0
No pages of output.
Transcript written on euptex.log.
fmtutil [INFO]: log file copied to: /home/a/big/ycq/projects/artic-like/texlive/2021/texmf-var/web2c/euptex/euptex.log
fmtutil [INFO]: /home/a/big/ycq/projects/artic-like/texlive/2021/texmf-var/web2c/euptex/euptex.fmt installed.
fmtutil [INFO]: --- remaking uplatex-dev with euptex
fmtutil: running `euptex -ini   -jobname=uplatex-dev -progname=uplatex-dev *uplatex.ini' ...
This is e-upTeX, Version 3.141592653-p3.9.0-u1.27-210218-2.6 (utf8.uptex) (TeX Live 2021) (INITEX)
 restricted \write18 enabled.
entering extended mode

(/home/a/big/ycq/projects/artic-like/texlive/2021/texmf-dist/tex/uplatex/config
/uplatex.ini
<<< making "uplatex with Babel" format >>>


(/home/a/big/ycq/projects/artic-like/texlive/2021/texmf-dist/tex/uplatex/base/u
platex.ltx
(/home/a/big/ycq/projects/artic-like/texlive/2021/texmf-dist/tex/latex-dev/base
/latex.ltx
(/home/a/big/ycq/projects/artic-like/texlive/2021/texmf-dist/tex/latex-dev/base
/texsys.cfg)
./texsys.aux found


\@currdir set to: ./.


Assuming \openin and \input 
have the same search path.


Defining UNIX/DOS style filename parser.

catcodes, registers, parameters,
LaTeX2e <2022-06-01> pre-release-0 (develop 2021-12-21 branch)

(/home/a/big/ycq/projects/artic-like/texlive/2021/texmf-dist/tex/latex/l3kernel
/expl3.ltx
(/home/a/big/ycq/projects/artic-like/texlive/2021/texmf-dist/tex/latex/l3kernel
/expl3-code.tex
(/home/a/big/ycq/projects/artic-like/texlive/2021/texmf-dist/tex/latex/l3kernel
/l3deprecation.def))) hacks, document commands, control, par, spacing, files,
font encodings, lengths,
====================================

Local config file fonttext.cfg used

====================================

(/home/a/big/ycq/projects/artic-like/texlive/2021/texmf-dist/tex/latex-dev/base
/fonttext.cfg
(/home/a/big/ycq/projects/artic-like/texlive/2021/texmf-dist/tex/latex-dev/base
/fonttext.ltx
=== Don't modify this file, use a .cfg file instead ===


(/home/a/big/ycq/projects/artic-like/texlive/2021/texmf-dist/tex/latex-dev/base
/omlenc.def)
(/home/a/big/ycq/projects/artic-like/texlive/2021/texmf-dist/tex/latex-dev/base
/omsenc.def)
(/home/a/big/ycq/projects/artic-like/texlive/2021/texmf-dist/tex/latex-dev/base
/ot1enc.def)
(/home/a/big/ycq/projects/artic-like/texlive/2021/texmf-dist/tex/latex-dev/base
/t1enc.def)
(/home/a/big/ycq/projects/artic-like/texlive/2021/texmf-dist/tex/latex-dev/base
/ts1enc.def)
(/home/a/big/ycq/projects/artic-like/texlive/2021/texmf-dist/tex/latex-dev/base
/ts1cmr.fd)
(/home/a/big/ycq/projects/artic-like/texlive/2021/texmf-dist/tex/latex-dev/base
/t1cmr.fd)
(/home/a/big/ycq/projects/artic-like/texlive/2021/texmf-dist/tex/latex-dev/base
/ot1cmr.fd)
(/home/a/big/ycq/projects/artic-like/texlive/2021/texmf-dist/tex/latex-dev/base
/ot1cmss.fd)
(/home/a/big/ycq/projects/artic-like/texlive/2021/texmf-dist/tex/latex-dev/base
/ot1cmtt.fd)))
====================================

Local config file fontmath.cfg used

====================================

(/home/a/big/ycq/projects/artic-like/texlive/2021/texmf-dist/tex/latex-dev/base
/fontmath.cfg
(/home/a/big/ycq/projects/artic-like/texlive/2021/texmf-dist/tex/latex-dev/base
/fontmath.ltx
=== Don't modify this file, use a .cfg file instead ===


(/home/a/big/ycq/projects/artic-like/texlive/2021/texmf-dist/tex/latex-dev/base
/omlcmm.fd)
(/home/a/big/ycq/projects/artic-like/texlive/2021/texmf-dist/tex/latex-dev/base
/omscmsy.fd)
(/home/a/big/ycq/projects/artic-like/texlive/2021/texmf-dist/tex/latex-dev/base
/omxcmex.fd)
(/home/a/big/ycq/projects/artic-like/texlive/2021/texmf-dist/tex/latex-dev/base
/ucmr.fd)))
====================================

Local config file preload.cfg used

=====================================

(/home/a/big/ycq/projects/artic-like/texlive/2021/texmf-dist/tex/latex-dev/base
/preload.cfg
(/home/a/big/ycq/projects/artic-like/texlive/2021/texmf-dist/tex/latex-dev/base
/preload.ltx)) page nos., x-ref, environments, center, verbatim,
math definitions, boxes, title, sectioning, contents, floats, footnotes,
index, bibliography, output,
===========================================
Local configuration file hyphen.cfg used
===========================================

(/home/a/big/ycq/projects/artic-like/texlive/2021/texmf-dist/tex/generic/babel/
hyphen.cfg
(/home/a/big/ycq/projects/artic-like/texlive/2021/texmf-dist/tex/generic/hyphen
/hyphen.tex)
(/home/a/big/ycq/projects/artic-like/texlive/2021/texmf-dist/tex/generic/hyphen
/dumyhyph.tex)
(/home/a/big/ycq/projects/artic-like/texlive/2021/texmf-dist/tex/generic/hyphen
/zerohyph.tex))
(/home/a/big/ycq/projects/artic-like/texlive/2021/texmf-dist/tex/latex-dev/base
/utf8.def
(/home/a/big/ycq/projects/artic-like/texlive/2021/texmf-dist/tex/latex-dev/base
/omsenc.dfu)
(/home/a/big/ycq/projects/artic-like/texlive/2021/texmf-dist/tex/latex-dev/base
/ot1enc.dfu)
(/home/a/big/ycq/projects/artic-like/texlive/2021/texmf-dist/tex/latex-dev/base
/t1enc.dfu)
(/home/a/big/ycq/projects/artic-like/texlive/2021/texmf-dist/tex/latex-dev/base
/ts1enc.dfu))
(/home/a/big/ycq/projects/artic-like/texlive/2021/texmf-dist/tex/latex-dev/firs
taid/latex2e-first-aid-for-external-files.ltx)
)
**************************
*
* making upLaTeX format
*
**************************

(/home/a/big/ycq/projects/artic-like/texlive/2021/texmf-dist/tex/platex/base/pl
core.ltx
(/home/a/big/ycq/projects/artic-like/texlive/2021/texmf-dist/tex/platex/base/pl
expl3.ltx))
(/home/a/big/ycq/projects/artic-like/texlive/2021/texmf-dist/tex/uplatex/base/u
plcore.ltx)
(/home/a/big/ycq/projects/artic-like/texlive/2021/texmf-dist/tex/uplatex/base/u
pldefs.ltx
(/home/a/big/ycq/projects/artic-like/texlive/2021/texmf-dist/tex/uplatex/base/j
y2mc.fd)
(/home/a/big/ycq/projects/artic-like/texlive/2021/texmf-dist/tex/uplatex/base/j
y2gt.fd)
(/home/a/big/ycq/projects/artic-like/texlive/2021/texmf-dist/tex/uplatex/base/j
t2mc.fd)
(/home/a/big/ycq/projects/artic-like/texlive/2021/texmf-dist/tex/uplatex/base/j
t2gt.fd) Loading kinsoku patterns for japanese.
(/home/a/big/ycq/projects/artic-like/texlive/2021/texmf-dist/tex/uplatex/base/u
kinsoku.tex)) ) )
Beginning to dump on file uplatex-dev.fmt
 (preloaded format=uplatex-dev 2021.12.21)
19701 strings of total length 355717
297123 memory locations dumped; current usage is 246&296048
18332 multiletter control sequences
\font\nullfont=nullfont
\font\c__fp_exp_intarray=cmr10 at 0.00002pt
\font\c__fp_trig_intarray=cmr10 at 0.00003pt
\font\c_initex_cctab=cmr10 at 0.00005pt
\font\c_other_cctab=cmr10 at 0.00006pt
\font\c_str_cctab=cmr10 at 0.00008pt
\font\g__regex_state_active_intarray=cmr10 at 0.00009pt
\font\g__regex_thread_info_intarray=cmr10 at 0.0001pt
\font\g__regex_submatch_prev_intarray=cmr10 at 0.00012pt
\font\g__regex_submatch_begin_intarray=cmr10 at 0.00014pt
\font\g__regex_submatch_end_intarray=cmr10 at 0.00015pt
\font\g__regex_balance_intarray=cmr10 at 0.00017pt
\font\OMX/cmex/m/n/10=cmex10
\font\tenln=line10
\font\tenlnw=linew10
\font\tencirc=lcircle10
\font\tencircw=lcirclew10
\font\OT1/cmr/m/n/5=cmr5
\font\OT1/cmr/m/n/7=cmr7
\font\OT1/cmr/m/n/10=cmr10
\font\OML/cmm/m/it/5=cmmi5
\font\OML/cmm/m/it/7=cmmi7
\font\OML/cmm/m/it/10=cmmi10
\font\OMS/cmsy/m/n/5=cmsy5
\font\OMS/cmsy/m/n/7=cmsy7
\font\OMS/cmsy/m/n/10=cmsy10
\font\c_code_cctab=cmr10 at 0.00018pt
\font\c_document_cctab=cmr10 at 0.0002pt
\font\tenmin=upjisr-h at 9.62216pt
\font\@bannerfont=cmtt9
\font\JT2/mc/m/n/10=upjisr-v at 9.6222pt
\font\JY2/mc/m/n/10=upjisr-h at 9.6222pt
\font\JY2/mc/m/n/5=upjisr-h at 4.8111pt
\font\JY2/mc/m/n/7=upjisr-h at 6.73553pt
\font\JY2/mc/m/n/12=upjisr-h at 11.54663pt
\font\JY2/gt/m/n/5=upjisg-h at 4.8111pt
\font\JY2/gt/m/n/7=upjisg-h at 6.73553pt
\font\JY2/gt/m/n/10=upjisg-h at 9.6222pt
\font\JY2/gt/m/n/12=upjisg-h at 11.54663pt
\font\JT2/mc/m/n/5=upjisr-v at 4.8111pt
\font\JT2/mc/m/n/7=upjisr-v at 6.73553pt
\font\JT2/mc/m/n/12=upjisr-v at 11.54663pt
\font\JT2/gt/m/n/5=upjisg-v at 4.8111pt
\font\JT2/gt/m/n/7=upjisg-v at 6.73553pt
\font\JT2/gt/m/n/10=upjisg-v at 9.6222pt
\font\JT2/gt/m/n/12=upjisg-v at 11.54663pt
406064 words of font info for 45 preloaded fonts
14 hyphenation exceptions
Hyphenation trie of length 6081 has 183 ops out of 35111
  2 for language 1
  181 for language 0
No pages of output.
Transcript written on uplatex-dev.log.
fmtutil [INFO]: log file copied to: /home/a/big/ycq/projects/artic-like/texlive/2021/texmf-var/web2c/euptex/uplatex-dev.log
fmtutil [INFO]: /home/a/big/ycq/projects/artic-like/texlive/2021/texmf-var/web2c/euptex/uplatex-dev.fmt installed.
fmtutil [INFO]: --- remaking uplatex with euptex
fmtutil: running `euptex -ini   -jobname=uplatex -progname=uplatex *uplatex.ini' ...
This is e-upTeX, Version 3.141592653-p3.9.0-u1.27-210218-2.6 (utf8.uptex) (TeX Live 2021) (INITEX)
 restricted \write18 enabled.
entering extended mode

(/home/a/big/ycq/projects/artic-like/texlive/2021/texmf-dist/tex/uplatex/config
/uplatex.ini
<<< making "uplatex with Babel" format >>>


(/home/a/big/ycq/projects/artic-like/texlive/2021/texmf-dist/tex/uplatex/base/u
platex.ltx
(/home/a/big/ycq/projects/artic-like/texlive/2021/texmf-dist/tex/latex/base/lat
ex.ltx
(/home/a/big/ycq/projects/artic-like/texlive/2021/texmf-dist/tex/latex/base/tex
sys.cfg)
./texsys.aux found


\@currdir set to: ./.


Assuming \openin and \input 
have the same search path.


Defining UNIX/DOS style filename parser.

catcodes, registers, parameters,
LaTeX2e <2021-11-15> patch level 1

(/home/a/big/ycq/projects/artic-like/texlive/2021/texmf-dist/tex/latex/l3kernel
/expl3.ltx
(/home/a/big/ycq/projects/artic-like/texlive/2021/texmf-dist/tex/latex/l3kernel
/expl3-code.tex
(/home/a/big/ycq/projects/artic-like/texlive/2021/texmf-dist/tex/latex/l3kernel
/l3deprecation.def))) hacks, document commands, control, par, spacing, files,
font encodings, lengths,
====================================

Local config file fonttext.cfg used

====================================

(/home/a/big/ycq/projects/artic-like/texlive/2021/texmf-dist/tex/latex/base/fon
ttext.cfg
(/home/a/big/ycq/projects/artic-like/texlive/2021/texmf-dist/tex/latex/base/fon
ttext.ltx
=== Don't modify this file, use a .cfg file instead ===


(/home/a/big/ycq/projects/artic-like/texlive/2021/texmf-dist/tex/latex/base/oml
enc.def)
(/home/a/big/ycq/projects/artic-like/texlive/2021/texmf-dist/tex/latex/base/oms
enc.def)
(/home/a/big/ycq/projects/artic-like/texlive/2021/texmf-dist/tex/latex/base/ot1
enc.def)
(/home/a/big/ycq/projects/artic-like/texlive/2021/texmf-dist/tex/latex/base/t1e
nc.def)
(/home/a/big/ycq/projects/artic-like/texlive/2021/texmf-dist/tex/latex/base/ts1
enc.def)
(/home/a/big/ycq/projects/artic-like/texlive/2021/texmf-dist/tex/latex/base/ts1
cmr.fd)
(/home/a/big/ycq/projects/artic-like/texlive/2021/texmf-dist/tex/latex/base/t1c
mr.fd)
(/home/a/big/ycq/projects/artic-like/texlive/2021/texmf-dist/tex/latex/base/ot1
cmr.fd)
(/home/a/big/ycq/projects/artic-like/texlive/2021/texmf-dist/tex/latex/base/ot1
cmss.fd)
(/home/a/big/ycq/projects/artic-like/texlive/2021/texmf-dist/tex/latex/base/ot1
cmtt.fd)))
====================================

Local config file fontmath.cfg used

====================================

(/home/a/big/ycq/projects/artic-like/texlive/2021/texmf-dist/tex/latex/base/fon
tmath.cfg
(/home/a/big/ycq/projects/artic-like/texlive/2021/texmf-dist/tex/latex/base/fon
tmath.ltx
=== Don't modify this file, use a .cfg file instead ===


(/home/a/big/ycq/projects/artic-like/texlive/2021/texmf-dist/tex/latex/base/oml
cmm.fd)
(/home/a/big/ycq/projects/artic-like/texlive/2021/texmf-dist/tex/latex/base/oms
cmsy.fd)
(/home/a/big/ycq/projects/artic-like/texlive/2021/texmf-dist/tex/latex/base/omx
cmex.fd)
(/home/a/big/ycq/projects/artic-like/texlive/2021/texmf-dist/tex/latex/base/ucm
r.fd)))
====================================

Local config file preload.cfg used

=====================================

(/home/a/big/ycq/projects/artic-like/texlive/2021/texmf-dist/tex/latex/base/pre
load.cfg
(/home/a/big/ycq/projects/artic-like/texlive/2021/texmf-dist/tex/latex/base/pre
load.ltx)) page nos., x-ref, environments, center, verbatim, math definitions,
boxes, title, sectioning, contents, floats, footnotes, index, bibliography,
output,
===========================================
Local configuration file hyphen.cfg used
===========================================

(/home/a/big/ycq/projects/artic-like/texlive/2021/texmf-dist/tex/generic/babel/
hyphen.cfg
(/home/a/big/ycq/projects/artic-like/texlive/2021/texmf-dist/tex/generic/hyphen
/hyphen.tex)
(/home/a/big/ycq/projects/artic-like/texlive/2021/texmf-dist/tex/generic/hyphen
/dumyhyph.tex)
(/home/a/big/ycq/projects/artic-like/texlive/2021/texmf-dist/tex/generic/hyphen
/zerohyph.tex))
(/home/a/big/ycq/projects/artic-like/texlive/2021/texmf-dist/tex/latex/base/utf
8.def
(/home/a/big/ycq/projects/artic-like/texlive/2021/texmf-dist/tex/latex/base/oms
enc.dfu)
(/home/a/big/ycq/projects/artic-like/texlive/2021/texmf-dist/tex/latex/base/ot1
enc.dfu)
(/home/a/big/ycq/projects/artic-like/texlive/2021/texmf-dist/tex/latex/base/t1e
nc.dfu)
(/home/a/big/ycq/projects/artic-like/texlive/2021/texmf-dist/tex/latex/base/ts1
enc.dfu))
(/home/a/big/ycq/projects/artic-like/texlive/2021/texmf-dist/tex/latex/firstaid
/latex2e-first-aid-for-external-files.ltx)
)
**************************
*
* making upLaTeX format
*
**************************

(/home/a/big/ycq/projects/artic-like/texlive/2021/texmf-dist/tex/platex/base/pl
core.ltx
(/home/a/big/ycq/projects/artic-like/texlive/2021/texmf-dist/tex/platex/base/pl
expl3.ltx))
(/home/a/big/ycq/projects/artic-like/texlive/2021/texmf-dist/tex/uplatex/base/u
plcore.ltx)
(/home/a/big/ycq/projects/artic-like/texlive/2021/texmf-dist/tex/uplatex/base/u
pldefs.ltx
(/home/a/big/ycq/projects/artic-like/texlive/2021/texmf-dist/tex/uplatex/base/j
y2mc.fd)
(/home/a/big/ycq/projects/artic-like/texlive/2021/texmf-dist/tex/uplatex/base/j
y2gt.fd)
(/home/a/big/ycq/projects/artic-like/texlive/2021/texmf-dist/tex/uplatex/base/j
t2mc.fd)
(/home/a/big/ycq/projects/artic-like/texlive/2021/texmf-dist/tex/uplatex/base/j
t2gt.fd) Loading kinsoku patterns for japanese.
(/home/a/big/ycq/projects/artic-like/texlive/2021/texmf-dist/tex/uplatex/base/u
kinsoku.tex)) ) )
Beginning to dump on file uplatex.fmt
 (preloaded format=uplatex 2021.12.21)
19701 strings of total length 355469
297070 memory locations dumped; current usage is 246&295995
18332 multiletter control sequences
\font\nullfont=nullfont
\font\c__fp_exp_intarray=cmr10 at 0.00002pt
\font\c__fp_trig_intarray=cmr10 at 0.00003pt
\font\c_initex_cctab=cmr10 at 0.00005pt
\font\c_other_cctab=cmr10 at 0.00006pt
\font\c_str_cctab=cmr10 at 0.00008pt
\font\g__regex_state_active_intarray=cmr10 at 0.00009pt
\font\g__regex_thread_info_intarray=cmr10 at 0.0001pt
\font\g__regex_submatch_prev_intarray=cmr10 at 0.00012pt
\font\g__regex_submatch_begin_intarray=cmr10 at 0.00014pt
\font\g__regex_submatch_end_intarray=cmr10 at 0.00015pt
\font\g__regex_balance_intarray=cmr10 at 0.00017pt
\font\OMX/cmex/m/n/10=cmex10
\font\tenln=line10
\font\tenlnw=linew10
\font\tencirc=lcircle10
\font\tencircw=lcirclew10
\font\OT1/cmr/m/n/5=cmr5
\font\OT1/cmr/m/n/7=cmr7
\font\OT1/cmr/m/n/10=cmr10
\font\OML/cmm/m/it/5=cmmi5
\font\OML/cmm/m/it/7=cmmi7
\font\OML/cmm/m/it/10=cmmi10
\font\OMS/cmsy/m/n/5=cmsy5
\font\OMS/cmsy/m/n/7=cmsy7
\font\OMS/cmsy/m/n/10=cmsy10
\font\c_code_cctab=cmr10 at 0.00018pt
\font\c_document_cctab=cmr10 at 0.0002pt
\font\tenmin=upjisr-h at 9.62216pt
\font\@bannerfont=cmtt9
\font\JT2/mc/m/n/10=upjisr-v at 9.6222pt
\font\JY2/mc/m/n/10=upjisr-h at 9.6222pt
\font\JY2/mc/m/n/5=upjisr-h at 4.8111pt
\font\JY2/mc/m/n/7=upjisr-h at 6.73553pt
\font\JY2/mc/m/n/12=upjisr-h at 11.54663pt
\font\JY2/gt/m/n/5=upjisg-h at 4.8111pt
\font\JY2/gt/m/n/7=upjisg-h at 6.73553pt
\font\JY2/gt/m/n/10=upjisg-h at 9.6222pt
\font\JY2/gt/m/n/12=upjisg-h at 11.54663pt
\font\JT2/mc/m/n/5=upjisr-v at 4.8111pt
\font\JT2/mc/m/n/7=upjisr-v at 6.73553pt
\font\JT2/mc/m/n/12=upjisr-v at 11.54663pt
\font\JT2/gt/m/n/5=upjisg-v at 4.8111pt
\font\JT2/gt/m/n/7=upjisg-v at 6.73553pt
\font\JT2/gt/m/n/10=upjisg-v at 9.6222pt
\font\JT2/gt/m/n/12=upjisg-v at 11.54663pt
406064 words of font info for 45 preloaded fonts
14 hyphenation exceptions
Hyphenation trie of length 6081 has 183 ops out of 35111
  2 for language 1
  181 for language 0
No pages of output.
Transcript written on uplatex.log.
fmtutil [INFO]: log file copied to: /home/a/big/ycq/projects/artic-like/texlive/2021/texmf-var/web2c/euptex/uplatex.log
fmtutil [INFO]: /home/a/big/ycq/projects/artic-like/texlive/2021/texmf-var/web2c/euptex/uplatex.fmt installed.
fmtutil [INFO]: successfully rebuilt formats: 3
fmtutil [INFO]: not selected formats: 21
fmtutil [INFO]: total formats: 24
fmtutil [INFO]: exiting with status 0
--end of output of fmtutil-sys --byengine euptex --no-error-if-no-format --no-error-if-no-engine=luajithbtex,luajittex,mfluajit --status-file=/tmp/IkMMnrxPYI/t8v8Z0DCDs.

[Tue Dec 21 14:39:03 2021]   OK: euptex.fmt/euptex uplatex-dev.fmt/euptex uplatex.fmt/euptex
[Tue Dec 21 14:39:03 2021] running fmtutil-sys --byengine eptex --no-error-if-no-format --no-error-if-no-engine=luajithbtex,luajittex,mfluajit --status-file=/tmp/IkMMnrxPYI/t8v8Z0DCDs
[Tue Dec 21 14:39:03 2021] success, output:
fmtutil: fmtutil is using the following fmtutil.cnf files (in precedence order):
fmtutil:   /home/a/big/ycq/projects/artic-like/texlive/2021/texmf-dist/web2c/fmtutil.cnf
fmtutil: fmtutil is using the following fmtutil.cnf file for writing changes:
fmtutil:   /home/a/big/ycq/projects/artic-like/texlive/2021/texmf-config/web2c/fmtutil.cnf
fmtutil [INFO]: writing formats under /home/a/big/ycq/projects/artic-like/texlive/2021/texmf-var/web2c
fmtutil [INFO]: --- remaking eptex with eptex
fmtutil: running `eptex -ini   -jobname=eptex -progname=eptex *eptex.ini' ...
This is e-pTeX, Version 3.141592653-p3.9.0-210218-2.6 (utf8.euc) (TeX Live 2021) (INITEX)
 restricted \write18 enabled.
entering extended mode

(/home/a/big/ycq/projects/artic-like/texlive/2021/texmf-dist/tex/ptex/ptex-base
/eptex.ini
(/home/a/big/ycq/projects/artic-like/texlive/2021/texmf-dist/tex/ptex/ptex-base
/eptex.src
(/home/a/big/ycq/projects/artic-like/texlive/2021/texmf-dist/tex/ptex/ptex-base
/ptex.tex
(/home/a/big/ycq/projects/artic-like/texlive/2021/texmf-dist/tex/plain/base/pla
in.tex Preloading the plain format: codes, registers, parameters, fonts,
more fonts, macros, math definitions, output routines, hyphenation
(/home/a/big/ycq/projects/artic-like/texlive/2021/texmf-dist/tex/generic/hyphen
/hyphen.tex [skipping from \patterns to end-of-file...]))
(/home/a/big/ycq/projects/artic-like/texlive/2021/texmf-dist/tex/ptex/ptex-base
/kinsoku.tex))
(/home/a/big/ycq/projects/artic-like/texlive/2021/texmf-dist/tex/ptex/ptex-base
/eptexdefs.lib Skipping module "grouptypes";
Loading module "interactionmodes"; Skipping module "nodetypes";
Skipping module "iftypes";)
(/home/a/big/ycq/projects/artic-like/texlive/2021/texmf-var/tex/generic/config/
language.def
(/home/a/big/ycq/projects/artic-like/texlive/2021/texmf-dist/tex/generic/hyphen
/hyphen.tex)) Augmenting the Plain TeX definitions: \tracingall;
Adding new e-TeX definitions: \eTeX, \epTeX,  \loggingall, \tracingnone,
register allocation; extended register allocation; 
Recycling: \addlanguage, \@nswer (not defined), \@sk, \b@dresponsetrue,
\b@dresponsefalse, \ch@ckforyn, \mayber@cycle, \et@xabort, \et@xbuf,
\et@xfmtsrc, \et@xfilehdr, \et@xinf, \et@xpatterns, \l@ngdefnfile, \n@xt,
\p@rse (not defined), \pr@mpt (not defined), \pr@mptloop (not defined),
\forcer@cycle, \usef@llback, \usef@llbacktrue, \usef@llbackfalse, 
Retaining: \et@xerr, \et@xinput, \et@xlibhdr, \et@xmsg, \et@xtoks, \et@xwarn,
\et@xl@@d, \et@xl@ad, \et@xload, \et@xlang, \et@xhash, \eTeX, \epTeX,
\etexhdrchk, \etexstatus, \module, \uselanguage, \r@tain, \r@cycle, ) )
Beginning to dump on file eptex.fmt
 (preloaded format=eptex 2021.12.21)
2513 strings of total length 36950
8005 memory locations dumped; current usage is 228&7306
1219 multiletter control sequences
\font\nullfont=nullfont
\font\tenrm=cmr10
\font\preloaded=cmr9
\font\preloaded=cmr8
\font\sevenrm=cmr7
\font\preloaded=cmr6
\font\fiverm=cmr5
\font\teni=cmmi10
\font\preloaded=cmmi9
\font\preloaded=cmmi8
\font\seveni=cmmi7
\font\preloaded=cmmi6
\font\fivei=cmmi5
\font\tensy=cmsy10
\font\preloaded=cmsy9
\font\preloaded=cmsy8
\font\sevensy=cmsy7
\font\preloaded=cmsy6
\font\fivesy=cmsy5
\font\tenex=cmex10
\font\preloaded=cmss10
\font\preloaded=cmssq8
\font\preloaded=cmssi10
\font\preloaded=cmssqi8
\font\tenbf=cmbx10
\font\preloaded=cmbx9
\font\preloaded=cmbx8
\font\sevenbf=cmbx7
\font\preloaded=cmbx6
\font\fivebf=cmbx5
\font\tentt=cmtt10
\font\preloaded=cmtt9
\font\preloaded=cmtt8
\font\preloaded=cmsltt10
\font\tensl=cmsl10
\font\preloaded=cmsl9
\font\preloaded=cmsl8
\font\tenit=cmti10
\font\preloaded=cmti9
\font\preloaded=cmti8
\font\preloaded=cmti7
\font\preloaded=cmu10
\font\preloaded=cmmib10
\font\preloaded=cmbsy10
\font\preloaded=cmcsc10
\font\preloaded=cmssbx10
\font\preloaded=cmdunh10
\font\preloaded=cmr7 at 14.51799pt
\font\preloaded=cmtt10 at 14.4pt
\font\preloaded=cmssbx10 at 14.4pt
\font\preloaded=manfnt
\font\tenmin=min10
\font\preloaded=min9
\font\preloaded=min8
\font\sevenmin=min7
\font\preloaded=min6
\font\fivemin=min5
\font\tengt=goth10
\font\preloaded=goth9
\font\preloaded=goth8
\font\sevengt=goth7
\font\preloaded=goth6
\font\fivegt=goth5
\font\tentmin=tmin10
\font\preloaded=tmin9
\font\preloaded=tmin8
\font\seventmin=tmin7
\font\preloaded=tmin6
\font\fivetmin=tmin5
\font\tentgt=tgoth10
\font\preloaded=tgoth9
\font\preloaded=tgoth8
\font\seventgt=tgoth7
\font\preloaded=tgoth6
\font\fivetgt=tgoth5
20343 words of font info for 74 preloaded fonts
14 hyphenation exceptions
Hyphenation trie of length 6075 has 181 ops out of 35111
  181 for language 0
No pages of output.
Transcript written on eptex.log.
fmtutil [INFO]: log file copied to: /home/a/big/ycq/projects/artic-like/texlive/2021/texmf-var/web2c/eptex/eptex.log
fmtutil [INFO]: /home/a/big/ycq/projects/artic-like/texlive/2021/texmf-var/web2c/eptex/eptex.fmt installed.
fmtutil [INFO]: --- remaking platex with eptex
fmtutil: running `eptex -ini   -jobname=platex -progname=platex *platex.ini' ...
This is e-pTeX, Version 3.141592653-p3.9.0-210218-2.6 (utf8.euc) (TeX Live 2021) (INITEX)
 restricted \write18 enabled.
entering extended mode

(/home/a/big/ycq/projects/artic-like/texlive/2021/texmf-dist/tex/platex/config/
platex.ini
<<< making "platex with Babel" format >>>


(/home/a/big/ycq/projects/artic-like/texlive/2021/texmf-dist/tex/platex/base/pl
atex.ltx
(/home/a/big/ycq/projects/artic-like/texlive/2021/texmf-dist/tex/latex/base/lat
ex.ltx
(/home/a/big/ycq/projects/artic-like/texlive/2021/texmf-dist/tex/latex/base/tex
sys.cfg)
./texsys.aux found


\@currdir set to: ./.


Assuming \openin and \input 
have the same search path.


Defining UNIX/DOS style filename parser.

catcodes, registers, parameters,
LaTeX2e <2021-11-15> patch level 1

(/home/a/big/ycq/projects/artic-like/texlive/2021/texmf-dist/tex/latex/l3kernel
/expl3.ltx
(/home/a/big/ycq/projects/artic-like/texlive/2021/texmf-dist/tex/latex/l3kernel
/expl3-code.tex
(/home/a/big/ycq/projects/artic-like/texlive/2021/texmf-dist/tex/latex/l3kernel
/l3deprecation.def))) hacks, document commands, control, par, spacing, files,
font encodings, lengths,
====================================

Local config file fonttext.cfg used

====================================

(/home/a/big/ycq/projects/artic-like/texlive/2021/texmf-dist/tex/latex/base/fon
ttext.cfg
(/home/a/big/ycq/projects/artic-like/texlive/2021/texmf-dist/tex/latex/base/fon
ttext.ltx
=== Don't modify this file, use a .cfg file instead ===


(/home/a/big/ycq/projects/artic-like/texlive/2021/texmf-dist/tex/latex/base/oml
enc.def)
(/home/a/big/ycq/projects/artic-like/texlive/2021/texmf-dist/tex/latex/base/oms
enc.def)
(/home/a/big/ycq/projects/artic-like/texlive/2021/texmf-dist/tex/latex/base/ot1
enc.def)
(/home/a/big/ycq/projects/artic-like/texlive/2021/texmf-dist/tex/latex/base/t1e
nc.def)
(/home/a/big/ycq/projects/artic-like/texlive/2021/texmf-dist/tex/latex/base/ts1
enc.def)
(/home/a/big/ycq/projects/artic-like/texlive/2021/texmf-dist/tex/latex/base/ts1
cmr.fd)
(/home/a/big/ycq/projects/artic-like/texlive/2021/texmf-dist/tex/latex/base/t1c
mr.fd)
(/home/a/big/ycq/projects/artic-like/texlive/2021/texmf-dist/tex/latex/base/ot1
cmr.fd)
(/home/a/big/ycq/projects/artic-like/texlive/2021/texmf-dist/tex/latex/base/ot1
cmss.fd)
(/home/a/big/ycq/projects/artic-like/texlive/2021/texmf-dist/tex/latex/base/ot1
cmtt.fd)))
====================================

Local config file fontmath.cfg used

====================================

(/home/a/big/ycq/projects/artic-like/texlive/2021/texmf-dist/tex/latex/base/fon
tmath.cfg
(/home/a/big/ycq/projects/artic-like/texlive/2021/texmf-dist/tex/latex/base/fon
tmath.ltx
=== Don't modify this file, use a .cfg file instead ===


(/home/a/big/ycq/projects/artic-like/texlive/2021/texmf-dist/tex/latex/base/oml
cmm.fd)
(/home/a/big/ycq/projects/artic-like/texlive/2021/texmf-dist/tex/latex/base/oms
cmsy.fd)
(/home/a/big/ycq/projects/artic-like/texlive/2021/texmf-dist/tex/latex/base/omx
cmex.fd)
(/home/a/big/ycq/projects/artic-like/texlive/2021/texmf-dist/tex/latex/base/ucm
r.fd)))
====================================

Local config file preload.cfg used

=====================================

(/home/a/big/ycq/projects/artic-like/texlive/2021/texmf-dist/tex/latex/base/pre
load.cfg
(/home/a/big/ycq/projects/artic-like/texlive/2021/texmf-dist/tex/latex/base/pre
load.ltx)) page nos., x-ref, environments, center, verbatim, math definitions,
boxes, title, sectioning, contents, floats, footnotes, index, bibliography,
output,
===========================================
Local configuration file hyphen.cfg used
===========================================

(/home/a/big/ycq/projects/artic-like/texlive/2021/texmf-dist/tex/generic/babel/
hyphen.cfg
(/home/a/big/ycq/projects/artic-like/texlive/2021/texmf-dist/tex/generic/hyphen
/hyphen.tex)
(/home/a/big/ycq/projects/artic-like/texlive/2021/texmf-dist/tex/generic/hyphen
/dumyhyph.tex)
(/home/a/big/ycq/projects/artic-like/texlive/2021/texmf-dist/tex/generic/hyphen
/zerohyph.tex))
(/home/a/big/ycq/projects/artic-like/texlive/2021/texmf-dist/tex/latex/base/utf
8.def
(/home/a/big/ycq/projects/artic-like/texlive/2021/texmf-dist/tex/latex/base/oms
enc.dfu)
(/home/a/big/ycq/projects/artic-like/texlive/2021/texmf-dist/tex/latex/base/ot1
enc.dfu)
(/home/a/big/ycq/projects/artic-like/texlive/2021/texmf-dist/tex/latex/base/t1e
nc.dfu)
(/home/a/big/ycq/projects/artic-like/texlive/2021/texmf-dist/tex/latex/base/ts1
enc.dfu))
(/home/a/big/ycq/projects/artic-like/texlive/2021/texmf-dist/tex/latex/firstaid
/latex2e-first-aid-for-external-files.ltx)
)
**************************
*
* making pLaTeX format
*
**************************

(/home/a/big/ycq/projects/artic-like/texlive/2021/texmf-dist/tex/platex/base/pl
core.ltx
(/home/a/big/ycq/projects/artic-like/texlive/2021/texmf-dist/tex/platex/base/pl
expl3.ltx))
(/home/a/big/ycq/projects/artic-like/texlive/2021/texmf-dist/tex/platex/base/pl
defs.ltx
(/home/a/big/ycq/projects/artic-like/texlive/2021/texmf-dist/tex/platex/base/jy
1mc.fd)
(/home/a/big/ycq/projects/artic-like/texlive/2021/texmf-dist/tex/platex/base/jy
1gt.fd)
(/home/a/big/ycq/projects/artic-like/texlive/2021/texmf-dist/tex/platex/base/jt
1mc.fd)
(/home/a/big/ycq/projects/artic-like/texlive/2021/texmf-dist/tex/platex/base/jt
1gt.fd) Loading kinsoku patterns for japanese.
(/home/a/big/ycq/projects/artic-like/texlive/2021/texmf-dist/tex/platex/base/ki
nsoku.tex)) ) )
Beginning to dump on file platex.fmt
 (preloaded format=platex 2021.12.21)
19693 strings of total length 355290
296691 memory locations dumped; current usage is 246&295628
18329 multiletter control sequences
\font\nullfont=nullfont
\font\c__fp_exp_intarray=cmr10 at 0.00002pt
\font\c__fp_trig_intarray=cmr10 at 0.00003pt
\font\c_initex_cctab=cmr10 at 0.00005pt
\font\c_other_cctab=cmr10 at 0.00006pt
\font\c_str_cctab=cmr10 at 0.00008pt
\font\g__regex_state_active_intarray=cmr10 at 0.00009pt
\font\g__regex_thread_info_intarray=cmr10 at 0.0001pt
\font\g__regex_submatch_prev_intarray=cmr10 at 0.00012pt
\font\g__regex_submatch_begin_intarray=cmr10 at 0.00014pt
\font\g__regex_submatch_end_intarray=cmr10 at 0.00015pt
\font\g__regex_balance_intarray=cmr10 at 0.00017pt
\font\OMX/cmex/m/n/10=cmex10
\font\tenln=line10
\font\tenlnw=linew10
\font\tencirc=lcircle10
\font\tencircw=lcirclew10
\font\OT1/cmr/m/n/5=cmr5
\font\OT1/cmr/m/n/7=cmr7
\font\OT1/cmr/m/n/10=cmr10
\font\OML/cmm/m/it/5=cmmi5
\font\OML/cmm/m/it/7=cmmi7
\font\OML/cmm/m/it/10=cmmi10
\font\OMS/cmsy/m/n/5=cmsy5
\font\OMS/cmsy/m/n/7=cmsy7
\font\OMS/cmsy/m/n/10=cmsy10
\font\c_code_cctab=cmr10 at 0.00018pt
\font\c_document_cctab=cmr10 at 0.0002pt
\font\JY1/mc/m/n/10=min10
\font\@bannerfont=cmtt9
\font\JT1/mc/m/n/10=tmin10
\font\JY1/mc/m/n/5=min5
\font\JY1/mc/m/n/7=min7
\font\JY1/mc/m/n/12=min10 at 12.0pt
\font\JY1/gt/m/n/5=goth5
\font\JY1/gt/m/n/7=goth7
\font\JY1/gt/m/n/10=goth10
\font\JY1/gt/m/n/12=goth10 at 12.0pt
\font\JT1/mc/m/n/5=tmin5
\font\JT1/mc/m/n/7=tmin7
\font\JT1/mc/m/n/12=tmin10 at 12.0pt
\font\JT1/gt/m/n/5=tgoth5
\font\JT1/gt/m/n/7=tgoth7
\font\JT1/gt/m/n/10=tgoth10
\font\JT1/gt/m/n/12=tgoth10 at 12.0pt
407294 words of font info for 44 preloaded fonts
14 hyphenation exceptions
Hyphenation trie of length 6081 has 183 ops out of 35111
  2 for language 1
  181 for language 0
No pages of output.
Transcript written on platex.log.
fmtutil [INFO]: log file copied to: /home/a/big/ycq/projects/artic-like/texlive/2021/texmf-var/web2c/eptex/platex.log
fmtutil [INFO]: /home/a/big/ycq/projects/artic-like/texlive/2021/texmf-var/web2c/eptex/platex.fmt installed.
fmtutil [INFO]: --- remaking platex-dev with eptex
fmtutil: running `eptex -ini   -jobname=platex-dev -progname=platex-dev *platex.ini' ...
This is e-pTeX, Version 3.141592653-p3.9.0-210218-2.6 (utf8.euc) (TeX Live 2021) (INITEX)
 restricted \write18 enabled.
entering extended mode

(/home/a/big/ycq/projects/artic-like/texlive/2021/texmf-dist/tex/platex/config/
platex.ini
<<< making "platex with Babel" format >>>


(/home/a/big/ycq/projects/artic-like/texlive/2021/texmf-dist/tex/platex/base/pl
atex.ltx
(/home/a/big/ycq/projects/artic-like/texlive/2021/texmf-dist/tex/latex-dev/base
/latex.ltx
(/home/a/big/ycq/projects/artic-like/texlive/2021/texmf-dist/tex/latex-dev/base
/texsys.cfg)
./texsys.aux found


\@currdir set to: ./.


Assuming \openin and \input 
have the same search path.


Defining UNIX/DOS style filename parser.

catcodes, registers, parameters,
LaTeX2e <2022-06-01> pre-release-0 (develop 2021-12-21 branch)

(/home/a/big/ycq/projects/artic-like/texlive/2021/texmf-dist/tex/latex/l3kernel
/expl3.ltx
(/home/a/big/ycq/projects/artic-like/texlive/2021/texmf-dist/tex/latex/l3kernel
/expl3-code.tex
(/home/a/big/ycq/projects/artic-like/texlive/2021/texmf-dist/tex/latex/l3kernel
/l3deprecation.def))) hacks, document commands, control, par, spacing, files,
font encodings, lengths,
====================================

Local config file fonttext.cfg used

====================================

(/home/a/big/ycq/projects/artic-like/texlive/2021/texmf-dist/tex/latex-dev/base
/fonttext.cfg
(/home/a/big/ycq/projects/artic-like/texlive/2021/texmf-dist/tex/latex-dev/base
/fonttext.ltx
=== Don't modify this file, use a .cfg file instead ===


(/home/a/big/ycq/projects/artic-like/texlive/2021/texmf-dist/tex/latex-dev/base
/omlenc.def)
(/home/a/big/ycq/projects/artic-like/texlive/2021/texmf-dist/tex/latex-dev/base
/omsenc.def)
(/home/a/big/ycq/projects/artic-like/texlive/2021/texmf-dist/tex/latex-dev/base
/ot1enc.def)
(/home/a/big/ycq/projects/artic-like/texlive/2021/texmf-dist/tex/latex-dev/base
/t1enc.def)
(/home/a/big/ycq/projects/artic-like/texlive/2021/texmf-dist/tex/latex-dev/base
/ts1enc.def)
(/home/a/big/ycq/projects/artic-like/texlive/2021/texmf-dist/tex/latex-dev/base
/ts1cmr.fd)
(/home/a/big/ycq/projects/artic-like/texlive/2021/texmf-dist/tex/latex-dev/base
/t1cmr.fd)
(/home/a/big/ycq/projects/artic-like/texlive/2021/texmf-dist/tex/latex-dev/base
/ot1cmr.fd)
(/home/a/big/ycq/projects/artic-like/texlive/2021/texmf-dist/tex/latex-dev/base
/ot1cmss.fd)
(/home/a/big/ycq/projects/artic-like/texlive/2021/texmf-dist/tex/latex-dev/base
/ot1cmtt.fd)))
====================================

Local config file fontmath.cfg used

====================================

(/home/a/big/ycq/projects/artic-like/texlive/2021/texmf-dist/tex/latex-dev/base
/fontmath.cfg
(/home/a/big/ycq/projects/artic-like/texlive/2021/texmf-dist/tex/latex-dev/base
/fontmath.ltx
=== Don't modify this file, use a .cfg file instead ===


(/home/a/big/ycq/projects/artic-like/texlive/2021/texmf-dist/tex/latex-dev/base
/omlcmm.fd)
(/home/a/big/ycq/projects/artic-like/texlive/2021/texmf-dist/tex/latex-dev/base
/omscmsy.fd)
(/home/a/big/ycq/projects/artic-like/texlive/2021/texmf-dist/tex/latex-dev/base
/omxcmex.fd)
(/home/a/big/ycq/projects/artic-like/texlive/2021/texmf-dist/tex/latex-dev/base
/ucmr.fd)))
====================================

Local config file preload.cfg used

=====================================

(/home/a/big/ycq/projects/artic-like/texlive/2021/texmf-dist/tex/latex-dev/base
/preload.cfg
(/home/a/big/ycq/projects/artic-like/texlive/2021/texmf-dist/tex/latex-dev/base
/preload.ltx)) page nos., x-ref, environments, center, verbatim,
math definitions, boxes, title, sectioning, contents, floats, footnotes,
index, bibliography, output,
===========================================
Local configuration file hyphen.cfg used
===========================================

(/home/a/big/ycq/projects/artic-like/texlive/2021/texmf-dist/tex/generic/babel/
hyphen.cfg
(/home/a/big/ycq/projects/artic-like/texlive/2021/texmf-dist/tex/generic/hyphen
/hyphen.tex)
(/home/a/big/ycq/projects/artic-like/texlive/2021/texmf-dist/tex/generic/hyphen
/dumyhyph.tex)
(/home/a/big/ycq/projects/artic-like/texlive/2021/texmf-dist/tex/generic/hyphen
/zerohyph.tex))
(/home/a/big/ycq/projects/artic-like/texlive/2021/texmf-dist/tex/latex-dev/base
/utf8.def
(/home/a/big/ycq/projects/artic-like/texlive/2021/texmf-dist/tex/latex-dev/base
/omsenc.dfu)
(/home/a/big/ycq/projects/artic-like/texlive/2021/texmf-dist/tex/latex-dev/base
/ot1enc.dfu)
(/home/a/big/ycq/projects/artic-like/texlive/2021/texmf-dist/tex/latex-dev/base
/t1enc.dfu)
(/home/a/big/ycq/projects/artic-like/texlive/2021/texmf-dist/tex/latex-dev/base
/ts1enc.dfu))
(/home/a/big/ycq/projects/artic-like/texlive/2021/texmf-dist/tex/latex-dev/firs
taid/latex2e-first-aid-for-external-files.ltx)
)
**************************
*
* making pLaTeX format
*
**************************

(/home/a/big/ycq/projects/artic-like/texlive/2021/texmf-dist/tex/platex/base/pl
core.ltx
(/home/a/big/ycq/projects/artic-like/texlive/2021/texmf-dist/tex/platex/base/pl
expl3.ltx))
(/home/a/big/ycq/projects/artic-like/texlive/2021/texmf-dist/tex/platex/base/pl
defs.ltx
(/home/a/big/ycq/projects/artic-like/texlive/2021/texmf-dist/tex/platex/base/jy
1mc.fd)
(/home/a/big/ycq/projects/artic-like/texlive/2021/texmf-dist/tex/platex/base/jy
1gt.fd)
(/home/a/big/ycq/projects/artic-like/texlive/2021/texmf-dist/tex/platex/base/jt
1mc.fd)
(/home/a/big/ycq/projects/artic-like/texlive/2021/texmf-dist/tex/platex/base/jt
1gt.fd) Loading kinsoku patterns for japanese.
(/home/a/big/ycq/projects/artic-like/texlive/2021/texmf-dist/tex/platex/base/ki
nsoku.tex)) ) )
Beginning to dump on file platex-dev.fmt
 (preloaded format=platex-dev 2021.12.21)
19693 strings of total length 355538
296744 memory locations dumped; current usage is 246&295681
18329 multiletter control sequences
\font\nullfont=nullfont
\font\c__fp_exp_intarray=cmr10 at 0.00002pt
\font\c__fp_trig_intarray=cmr10 at 0.00003pt
\font\c_initex_cctab=cmr10 at 0.00005pt
\font\c_other_cctab=cmr10 at 0.00006pt
\font\c_str_cctab=cmr10 at 0.00008pt
\font\g__regex_state_active_intarray=cmr10 at 0.00009pt
\font\g__regex_thread_info_intarray=cmr10 at 0.0001pt
\font\g__regex_submatch_prev_intarray=cmr10 at 0.00012pt
\font\g__regex_submatch_begin_intarray=cmr10 at 0.00014pt
\font\g__regex_submatch_end_intarray=cmr10 at 0.00015pt
\font\g__regex_balance_intarray=cmr10 at 0.00017pt
\font\OMX/cmex/m/n/10=cmex10
\font\tenln=line10
\font\tenlnw=linew10
\font\tencirc=lcircle10
\font\tencircw=lcirclew10
\font\OT1/cmr/m/n/5=cmr5
\font\OT1/cmr/m/n/7=cmr7
\font\OT1/cmr/m/n/10=cmr10
\font\OML/cmm/m/it/5=cmmi5
\font\OML/cmm/m/it/7=cmmi7
\font\OML/cmm/m/it/10=cmmi10
\font\OMS/cmsy/m/n/5=cmsy5
\font\OMS/cmsy/m/n/7=cmsy7
\font\OMS/cmsy/m/n/10=cmsy10
\font\c_code_cctab=cmr10 at 0.00018pt
\font\c_document_cctab=cmr10 at 0.0002pt
\font\JY1/mc/m/n/10=min10
\font\@bannerfont=cmtt9
\font\JT1/mc/m/n/10=tmin10
\font\JY1/mc/m/n/5=min5
\font\JY1/mc/m/n/7=min7
\font\JY1/mc/m/n/12=min10 at 12.0pt
\font\JY1/gt/m/n/5=goth5
\font\JY1/gt/m/n/7=goth7
\font\JY1/gt/m/n/10=goth10
\font\JY1/gt/m/n/12=goth10 at 12.0pt
\font\JT1/mc/m/n/5=tmin5
\font\JT1/mc/m/n/7=tmin7
\font\JT1/mc/m/n/12=tmin10 at 12.0pt
\font\JT1/gt/m/n/5=tgoth5
\font\JT1/gt/m/n/7=tgoth7
\font\JT1/gt/m/n/10=tgoth10
\font\JT1/gt/m/n/12=tgoth10 at 12.0pt
407294 words of font info for 44 preloaded fonts
14 hyphenation exceptions
Hyphenation trie of length 6081 has 183 ops out of 35111
  2 for language 1
  181 for language 0
No pages of output.
Transcript written on platex-dev.log.
fmtutil [INFO]: log file copied to: /home/a/big/ycq/projects/artic-like/texlive/2021/texmf-var/web2c/eptex/platex-dev.log
fmtutil [INFO]: /home/a/big/ycq/projects/artic-like/texlive/2021/texmf-var/web2c/eptex/platex-dev.fmt installed.
fmtutil [INFO]: successfully rebuilt formats: 3
fmtutil [INFO]: not selected formats: 21
fmtutil [INFO]: total formats: 24
fmtutil [INFO]: exiting with status 0
--end of output of fmtutil-sys --byengine eptex --no-error-if-no-format --no-error-if-no-engine=luajithbtex,luajittex,mfluajit --status-file=/tmp/IkMMnrxPYI/t8v8Z0DCDs.

[Tue Dec 21 14:39:03 2021]   OK: eptex.fmt/eptex platex.fmt/eptex platex-dev.fmt/eptex
[Tue Dec 21 14:39:03 2021] running fmtutil-sys --byengine ptex --no-error-if-no-format --no-error-if-no-engine=luajithbtex,luajittex,mfluajit --status-file=/tmp/IkMMnrxPYI/t8v8Z0DCDs
[Tue Dec 21 14:39:03 2021] success, output:
fmtutil: fmtutil is using the following fmtutil.cnf files (in precedence order):
fmtutil:   /home/a/big/ycq/projects/artic-like/texlive/2021/texmf-dist/web2c/fmtutil.cnf
fmtutil: fmtutil is using the following fmtutil.cnf file for writing changes:
fmtutil:   /home/a/big/ycq/projects/artic-like/texlive/2021/texmf-config/web2c/fmtutil.cnf
fmtutil [INFO]: writing formats under /home/a/big/ycq/projects/artic-like/texlive/2021/texmf-var/web2c
fmtutil [INFO]: --- remaking ptex with ptex
fmtutil: running `ptex -ini   -jobname=ptex -progname=ptex ptex.ini' ...
This is pTeX, Version 3.141592653-p3.9.0 (utf8.euc) (TeX Live 2021) (INITEX)
 restricted \write18 enabled.

(/home/a/big/ycq/projects/artic-like/texlive/2021/texmf-dist/tex/ptex/ptex-base
/ptex.ini
(/home/a/big/ycq/projects/artic-like/texlive/2021/texmf-dist/tex/ptex/ptex-base
/ptex.tex
(/home/a/big/ycq/projects/artic-like/texlive/2021/texmf-dist/tex/plain/base/pla
in.tex Preloading the plain format: codes, registers, parameters, fonts,
more fonts, macros, math definitions, output routines, hyphenation
(/home/a/big/ycq/projects/artic-like/texlive/2021/texmf-dist/tex/generic/hyphen
/hyphen.tex))
(/home/a/big/ycq/projects/artic-like/texlive/2021/texmf-dist/tex/ptex/ptex-base
/kinsoku.tex)) )
Beginning to dump on file ptex.fmt
 (preloaded format=ptex 2021.12.21)
2180 strings of total length 31730
5055 memory locations dumped; current usage is 128&4906
991 multiletter control sequences
\font\nullfont=nullfont
\font\tenrm=cmr10
\font\preloaded=cmr9
\font\preloaded=cmr8
\font\sevenrm=cmr7
\font\preloaded=cmr6
\font\fiverm=cmr5
\font\teni=cmmi10
\font\preloaded=cmmi9
\font\preloaded=cmmi8
\font\seveni=cmmi7
\font\preloaded=cmmi6
\font\fivei=cmmi5
\font\tensy=cmsy10
\font\preloaded=cmsy9
\font\preloaded=cmsy8
\font\sevensy=cmsy7
\font\preloaded=cmsy6
\font\fivesy=cmsy5
\font\tenex=cmex10
\font\preloaded=cmss10
\font\preloaded=cmssq8
\font\preloaded=cmssi10
\font\preloaded=cmssqi8
\font\tenbf=cmbx10
\font\preloaded=cmbx9
\font\preloaded=cmbx8
\font\sevenbf=cmbx7
\font\preloaded=cmbx6
\font\fivebf=cmbx5
\font\tentt=cmtt10
\font\preloaded=cmtt9
\font\preloaded=cmtt8
\font\preloaded=cmsltt10
\font\tensl=cmsl10
\font\preloaded=cmsl9
\font\preloaded=cmsl8
\font\tenit=cmti10
\font\preloaded=cmti9
\font\preloaded=cmti8
\font\preloaded=cmti7
\font\preloaded=cmu10
\font\preloaded=cmmib10
\font\preloaded=cmbsy10
\font\preloaded=cmcsc10
\font\preloaded=cmssbx10
\font\preloaded=cmdunh10
\font\preloaded=cmr7 at 14.51799pt
\font\preloaded=cmtt10 at 14.4pt
\font\preloaded=cmssbx10 at 14.4pt
\font\preloaded=manfnt
\font\tenmin=min10
\font\preloaded=min9
\font\preloaded=min8
\font\sevenmin=min7
\font\preloaded=min6
\font\fivemin=min5
\font\tengt=goth10
\font\preloaded=goth9
\font\preloaded=goth8
\font\sevengt=goth7
\font\preloaded=goth6
\font\fivegt=goth5
\font\tentmin=tmin10
\font\preloaded=tmin9
\font\preloaded=tmin8
\font\seventmin=tmin7
\font\preloaded=tmin6
\font\fivetmin=tmin5
\font\tentgt=tgoth10
\font\preloaded=tgoth9
\font\preloaded=tgoth8
\font\seventgt=tgoth7
\font\preloaded=tgoth6
\font\fivetgt=tgoth5
20343 words of font info for 74 preloaded fonts
14 hyphenation exceptions
Hyphenation trie of length 6075 has 181 ops out of 35111
  181 for language 0
No pages of output.
Transcript written on ptex.log.
fmtutil [INFO]: log file copied to: /home/a/big/ycq/projects/artic-like/texlive/2021/texmf-var/web2c/ptex/ptex.log
fmtutil [INFO]: /home/a/big/ycq/projects/artic-like/texlive/2021/texmf-var/web2c/ptex/ptex.fmt installed.
fmtutil [INFO]: successfully rebuilt formats: 1
fmtutil [INFO]: not selected formats: 23
fmtutil [INFO]: total formats: 24
fmtutil [INFO]: exiting with status 0
--end of output of fmtutil-sys --byengine ptex --no-error-if-no-format --no-error-if-no-engine=luajithbtex,luajittex,mfluajit --status-file=/tmp/IkMMnrxPYI/t8v8Z0DCDs.

[Tue Dec 21 14:39:03 2021]   OK: ptex.fmt/ptex
[Tue Dec 21 14:39:03 2021] running fmtutil-sys --byengine uptex --no-error-if-no-format --no-error-if-no-engine=luajithbtex,luajittex,mfluajit --status-file=/tmp/IkMMnrxPYI/t8v8Z0DCDs
[Tue Dec 21 14:39:03 2021] success, output:
fmtutil: fmtutil is using the following fmtutil.cnf files (in precedence order):
fmtutil:   /home/a/big/ycq/projects/artic-like/texlive/2021/texmf-dist/web2c/fmtutil.cnf
fmtutil: fmtutil is using the following fmtutil.cnf file for writing changes:
fmtutil:   /home/a/big/ycq/projects/artic-like/texlive/2021/texmf-config/web2c/fmtutil.cnf
fmtutil [INFO]: writing formats under /home/a/big/ycq/projects/artic-like/texlive/2021/texmf-var/web2c
fmtutil [INFO]: --- remaking uptex with uptex
fmtutil: running `uptex -ini   -jobname=uptex -progname=uptex uptex.ini' ...
This is upTeX, Version 3.141592653-p3.9.0-u1.27 (utf8.uptex) (TeX Live 2021) (INITEX)
 restricted \write18 enabled.

(/home/a/big/ycq/projects/artic-like/texlive/2021/texmf-dist/tex/uptex/uptex-ba
se/uptex.ini
(/home/a/big/ycq/projects/artic-like/texlive/2021/texmf-dist/tex/uptex/uptex-ba
se/uptex.tex
(/home/a/big/ycq/projects/artic-like/texlive/2021/texmf-dist/tex/plain/base/pla
in.tex Preloading the plain format: codes, registers, parameters, fonts,
more fonts, macros, math definitions, output routines, hyphenation
(/home/a/big/ycq/projects/artic-like/texlive/2021/texmf-dist/tex/generic/hyphen
/hyphen.tex))
(/home/a/big/ycq/projects/artic-like/texlive/2021/texmf-dist/tex/uptex/uptex-ba
se/ukinsoku.tex)) )
Beginning to dump on file uptex.fmt
 (preloaded format=uptex 2021.12.21)
2174 strings of total length 31719
5060 memory locations dumped; current usage is 128&4911
999 multiletter control sequences
\font\nullfont=nullfont
\font\tenrm=cmr10
\font\preloaded=cmr9
\font\preloaded=cmr8
\font\sevenrm=cmr7
\font\preloaded=cmr6
\font\fiverm=cmr5
\font\teni=cmmi10
\font\preloaded=cmmi9
\font\preloaded=cmmi8
\font\seveni=cmmi7
\font\preloaded=cmmi6
\font\fivei=cmmi5
\font\tensy=cmsy10
\font\preloaded=cmsy9
\font\preloaded=cmsy8
\font\sevensy=cmsy7
\font\preloaded=cmsy6
\font\fivesy=cmsy5
\font\tenex=cmex10
\font\preloaded=cmss10
\font\preloaded=cmssq8
\font\preloaded=cmssi10
\font\preloaded=cmssqi8
\font\tenbf=cmbx10
\font\preloaded=cmbx9
\font\preloaded=cmbx8
\font\sevenbf=cmbx7
\font\preloaded=cmbx6
\font\fivebf=cmbx5
\font\tentt=cmtt10
\font\preloaded=cmtt9
\font\preloaded=cmtt8
\font\preloaded=cmsltt10
\font\tensl=cmsl10
\font\preloaded=cmsl9
\font\preloaded=cmsl8
\font\tenit=cmti10
\font\preloaded=cmti9
\font\preloaded=cmti8
\font\preloaded=cmti7
\font\preloaded=cmu10
\font\preloaded=cmmib10
\font\preloaded=cmbsy10
\font\preloaded=cmcsc10
\font\preloaded=cmssbx10
\font\preloaded=cmdunh10
\font\preloaded=cmr7 at 14.51799pt
\font\preloaded=cmtt10 at 14.4pt
\font\preloaded=cmssbx10 at 14.4pt
\font\preloaded=manfnt
\font\tenmin=upjisr-h
\font\sevenmin=upjisr-h at 7.0pt
\font\fivemin=upjisr-h at 5.0pt
\font\tengt=upjisg-h
\font\sevengt=upjisg-h at 7.0pt
\font\fivegt=upjisg-h at 5.0pt
\font\tentmin=upjisr-v
\font\seventmin=upjisr-v at 7.0pt
\font\fivetmin=upjisr-v at 5.0pt
\font\tentgt=upjisg-v
\font\seventgt=upjisg-v at 7.0pt
\font\fivetgt=upjisg-v at 5.0pt
16509 words of font info for 62 preloaded fonts
14 hyphenation exceptions
Hyphenation trie of length 6075 has 181 ops out of 35111
  181 for language 0
No pages of output.
Transcript written on uptex.log.
fmtutil [INFO]: log file copied to: /home/a/big/ycq/projects/artic-like/texlive/2021/texmf-var/web2c/uptex/uptex.log
fmtutil [INFO]: /home/a/big/ycq/projects/artic-like/texlive/2021/texmf-var/web2c/uptex/uptex.fmt installed.
fmtutil [INFO]: successfully rebuilt formats: 1
fmtutil [INFO]: not selected formats: 23
fmtutil [INFO]: total formats: 24
fmtutil [INFO]: exiting with status 0
--end of output of fmtutil-sys --byengine uptex --no-error-if-no-format --no-error-if-no-engine=luajithbtex,luajittex,mfluajit --status-file=/tmp/IkMMnrxPYI/t8v8Z0DCDs.

[Tue Dec 21 14:39:03 2021]   OK: uptex.fmt/uptex
[Tue Dec 21 16:23:37 2021] running mktexlsr
[Tue Dec 21 16:23:37 2021] success, output:
mktexlsr: Updating /home/a/big/ycq/projects/artic-like/texlive/2021/texmf-config/ls-R... 
mktexlsr: Updating /home/a/big/ycq/projects/artic-like/texlive/2021/texmf-dist/ls-R... 
mktexlsr: Updating /home/a/big/ycq/projects/artic-like/texlive/2021/texmf-var/ls-R... 
mktexlsr: Updating /home/a/big/ycq/projects/artic-like/texlive/texmf-local/ls-R... 
mktexlsr: Done.
--end of output of mktexlsr.

[Tue Dec 21 16:24:00 2021] running mktexlsr
[Tue Dec 21 16:24:01 2021] success, output:
mktexlsr: Updating /home/a/big/ycq/projects/artic-like/texlive/2021/texmf-config/ls-R... 
mktexlsr: Updating /home/a/big/ycq/projects/artic-like/texlive/2021/texmf-dist/ls-R... 
mktexlsr: Updating /home/a/big/ycq/projects/artic-like/texlive/2021/texmf-var/ls-R... 
mktexlsr: Updating /home/a/big/ycq/projects/artic-like/texlive/texmf-local/ls-R... 
mktexlsr: Done.
--end of output of mktexlsr.

[Tue Dec 21 16:24:14 2021] running mktexlsr
[Tue Dec 21 16:24:14 2021] success, output:
mktexlsr: Updating /home/a/big/ycq/projects/artic-like/texlive/2021/texmf-config/ls-R... 
mktexlsr: Updating /home/a/big/ycq/projects/artic-like/texlive/2021/texmf-dist/ls-R... 
mktexlsr: Updating /home/a/big/ycq/projects/artic-like/texlive/2021/texmf-var/ls-R... 
mktexlsr: Updating /home/a/big/ycq/projects/artic-like/texlive/texmf-local/ls-R... 
mktexlsr: Done.
--end of output of mktexlsr.

[Tue Dec 21 16:24:31 2021] running mktexlsr
[Tue Dec 21 16:24:31 2021] success, output:
mktexlsr: Updating /home/a/big/ycq/projects/artic-like/texlive/2021/texmf-config/ls-R... 
mktexlsr: Updating /home/a/big/ycq/projects/artic-like/texlive/2021/texmf-dist/ls-R... 
mktexlsr: Updating /home/a/big/ycq/projects/artic-like/texlive/2021/texmf-var/ls-R... 
mktexlsr: Updating /home/a/big/ycq/projects/artic-like/texlive/texmf-local/ls-R... 
mktexlsr: Done.
--end of output of mktexlsr.

[Tue Dec 21 16:24:44 2021] running mktexlsr
[Tue Dec 21 16:24:44 2021] success, output:
mktexlsr: Updating /home/a/big/ycq/projects/artic-like/texlive/2021/texmf-config/ls-R... 
mktexlsr: Updating /home/a/big/ycq/projects/artic-like/texlive/2021/texmf-dist/ls-R... 
mktexlsr: Updating /home/a/big/ycq/projects/artic-like/texlive/2021/texmf-var/ls-R... 
mktexlsr: Updating /home/a/big/ycq/projects/artic-like/texlive/texmf-local/ls-R... 
mktexlsr: Done.
--end of output of mktexlsr.

[Tue Dec 21 16:24:58 2021] running mktexlsr
[Tue Dec 21 16:24:58 2021] success, output:
mktexlsr: Updating /home/a/big/ycq/projects/artic-like/texlive/2021/texmf-config/ls-R... 
mktexlsr: Updating /home/a/big/ycq/projects/artic-like/texlive/2021/texmf-dist/ls-R... 
mktexlsr: Updating /home/a/big/ycq/projects/artic-like/texlive/2021/texmf-var/ls-R... 
mktexlsr: Updating /home/a/big/ycq/projects/artic-like/texlive/texmf-local/ls-R... 
mktexlsr: Done.
--end of output of mktexlsr.

